<?xml version="1.0" encoding="UTF-8"?>
<!-- Generated by org.testng.reporters.JUnitReportReporter -->
<testsuite hostname="IT-srachid.local" failures="0" tests="5" name="DemoBlazeTestSuite" time="100.625" errors="0" timestamp="2023-03-18T02:17:50 AST" skipped="0">
  <testcase classname="DemoBlazeTestSuite" name="REGISTER_AND_LOGIN" time="19.703"/>
  <system-out/>
  <testcase classname="DemoBlazeTestSuite" name="CHECK_CATEGORY_LIST_HAS_ITEMS" time="10.067"/>
  <system-out/>
  <testcase classname="DemoBlazeTestSuite" name="ADD_RANDOM_ITEM_TO_CART" time="13.977"/>
  <system-out/>
  <testcase classname="DemoBlazeTestSuite" name="REMOVE_ITEM_FROM_CART" time="37.620"/>
  <system-out/>
  <testcase classname="DemoBlazeTestSuite" name="COMPLETE_CHECKOUT" time="19.258"/>
  <system-out/>
</testsuite> <!-- DemoBlazeTestSuite -->
